<?xml version="1.0" encoding="UTF-8"?>
<!-- Generated by org.testng.reporters.JUnitReportReporter -->
<testsuite hostname="admins-MacBook-Pro.local" failures="0" tests="4" name="com.api.automation.RestAssured.AppTest" time="2.286" errors="0" timestamp="2025-03-30T19:45:34 GMT-07:00" skipped="0">
  <testcase classname="com.api.automation.RestAssured.AppTest" name="getrequestusersreponse" time="0.128"/>
  <testcase classname="com.api.automation.RestAssured.AppTest" name="getrequest" time="1.348"/>
  <testcase classname="com.api.automation.RestAssured.AppTest" name="getrequestposts" time="0.165"/>
  <testcase classname="com.api.automation.RestAssured.AppTest" name="getrequest1" time="0.645"/>
</testsuite> <!-- com.api.automation.RestAssured.AppTest -->
