<?xml version="1.0" encoding="UTF-8"?>
<!-- Generated by org.testng.reporters.JUnitReportReporter -->
<testsuite hostname="admins-MacBook-Pro.local" failures="0" tests="1" name="com.api.automation.RestAssured.creakebookingwithpost" time="0.440" errors="0" timestamp="2025-04-03T15:53:16 GMT-07:00" skipped="0">
  <testcase classname="com.api.automation.RestAssured.creakebookingwithpost" name="createbooking" time="0.440"/>
</testsuite> <!-- com.api.automation.RestAssured.creakebookingwithpost -->
