<?xml version="1.0" encoding="UTF-8"?>
<!-- Generated by org.testng.reporters.JUnitReportReporter -->
<testsuite hostname="admins-MacBook-Pro.local" failures="0" tests="2" name="com.api.automation.RestAssured.AppTest" time="2.615" errors="0" timestamp="2025-04-03T15:53:16 GMT-07:00" skipped="0">
  <testcase classname="com.api.automation.RestAssured.AppTest" name="getrequestposts" time="2.097"/>
  <testcase classname="com.api.automation.RestAssured.AppTest" name="getrequest" time="0.518"/>
</testsuite> <!-- com.api.automation.RestAssured.AppTest -->
